#
# There is insufficient memory for the Java Runtime Environment to continue.
# Native memory allocation (mmap) failed to map 268435456 bytes for G1 virtual space
# Possible reasons:
#   The system is out of physical RAM or swap space
#   The process is running with CompressedOops enabled, and the Java Heap may be blocking the growth of the native heap
# Possible solutions:
#   Reduce memory load on the system
#   Increase physical memory or swap space
#   Check if swap backing store is full
#   Decrease Java heap size (-Xmx/-Xms)
#   Decrease number of Java threads
#   Decrease Java thread stack sizes (-Xss)
#   Set larger code cache with -XX:ReservedCodeCacheSize=
#   JVM is running with Zero Based Compressed Oops mode in which the Java heap is
#     placed in the first 32GB address space. The Java Heap base address is the
#     maximum limit for the native heap growth. Please use -XX:HeapBaseMinAddress
#     to set the Java Heap base and to place the Java Heap above 32GB virtual address.
# This output file may be truncated or incomplete.
#
#  Out of Memory Error (os_windows.cpp:3559), pid=8668, tid=11956
#
# JRE version:  (17.0.7+7) (build )
# Java VM: OpenJDK 64-Bit Server VM (17.0.7+7, mixed mode, emulated-client, sharing, tiered, compressed oops, compressed class ptrs, g1 gc, windows-amd64)
# No core dump will be written. Minidumps are not enabled by default on client versions of Windows
#

---------------  S U M M A R Y ------------

Command Line: -Dcom.sun.management.jmxremote -Dcom.sun.management.jmxremote.port=58323 -Dcom.sun.management.jmxremote.authenticate=false -Dcom.sun.management.jmxremote.ssl=false -Djava.rmi.server.hostname=localhost -Dspring.jmx.enabled=true -Dmanagement.endpoints.jmx.exposure.include=* -Dspring.application.admin.enabled=true -XX:TieredStopAtLevel=1 -Dspring.boot.project.name=product-service -Dfile.encoding=UTF-8 -XX:+ShowCodeDetailsInExceptionMessages com.product_service.ProductServiceApplication --spring.output.ansi.enabled=always

Host: Intel(R) Core(TM) i7-5600U CPU @ 2.60GHz, 4 cores, 15G,  Windows 10 , 64 bit Build 19041 (10.0.19041.4842)
Time: Thu Oct  3 13:44:47 2024 India Standard Time elapsed time: 0.030128 seconds (0d 0h 0m 0s)

---------------  T H R E A D  ---------------

Current thread (0x000001d90e0b4480):  JavaThread "Unknown thread" [_thread_in_vm, id=11956, stack(0x00000088fa300000,0x00000088fa400000)]

Stack: [0x00000088fa300000,0x00000088fa400000]
Native frames: (J=compiled Java code, j=interpreted, Vv=VM code, C=native code)
V  [jvm.dll+0x67754a]
V  [jvm.dll+0x834304]
V  [jvm.dll+0x835aae]
V  [jvm.dll+0x836113]
V  [jvm.dll+0x24696f]
V  [jvm.dll+0x6743f9]
V  [jvm.dll+0x668c8a]
V  [jvm.dll+0x3061bb]
V  [jvm.dll+0x30d6a6]
V  [jvm.dll+0x35cece]
V  [jvm.dll+0x35d0ff]
V  [jvm.dll+0x2dd048]
V  [jvm.dll+0x2ddfb4]
V  [jvm.dll+0x8066d1]
V  [jvm.dll+0x36ac91]
V  [jvm.dll+0x7e5cec]
V  [jvm.dll+0x3ed56f]
V  [jvm.dll+0x3ef0a1]
C  [jli.dll+0x528b]
C  [ucrtbase.dll+0x21bb2]
C  [KERNEL32.DLL+0x17374]
C  [ntdll.dll+0x4cc91]


---------------  P R O C E S S  ---------------

Threads class SMR info:
_java_thread_list=0x00007ff9d9ef7018, length=0, elements={
}

Java Threads: ( => current thread )

Other Threads:
  0x000001d90e121f30 GCTaskThread "GC Thread#0" [stack: 0x00000088fa400000,0x00000088fa500000] [id=3340]
  0x000001d90e132b90 ConcurrentGCThread "G1 Main Marker" [stack: 0x00000088fa500000,0x00000088fa600000] [id=5556]
  0x000001d90e133c50 ConcurrentGCThread "G1 Conc#0" [stack: 0x00000088fa600000,0x00000088fa700000] [id=8600]

[error occurred during error reporting (printing all threads), id 0xc0000005, EXCEPTION_ACCESS_VIOLATION (0xc0000005) at pc=0x00007ff9d96cdaf7]

VM state: not at safepoint (not fully initialized)

VM Mutex/Monitor currently owned by a thread:  ([mutex/lock_event])
[0x000001d90e0b00d0] Heap_lock - owner thread: 0x000001d90e0b4480

Heap address: 0x0000000701e00000, size: 4066 MB, Compressed Oops mode: Zero based, Oop shift amount: 3

CDS archive(s) mapped at: [0x0000000000000000-0x0000000000000000-0x0000000000000000), size 0, SharedBaseAddress: 0x0000000800000000, ArchiveRelocationMode: 0.
Narrow klass base: 0x0000000000000000, Narrow klass shift: 0, Narrow klass range: 0x0

GC Precious Log:
<Empty>

Heap:
 garbage-first heap   total 0K, used 0K [0x0000000701e00000, 0x0000000800000000)
  region size 2048K, 0 young (0K), 0 survivors (0K)

[error occurred during error reporting (printing heap information), id 0xc0000005, EXCEPTION_ACCESS_VIOLATION (0xc0000005) at pc=0x00007ff9d9ab0db9]

GC Heap History (0 events):
No events

Dll operation events (1 events):
Event: 0.022 Loaded shared library C:\Users\USER 1\Downloads\sts-4.19.1.RELEASE\plugins\org.eclipse.justj.openjdk.hotspot.jre.full.win32.x86_64_17.0.7.v20230425-1502\jre\bin\java.dll

Deoptimization events (0 events):
No events

Classes unloaded (0 events):
No events

Classes redefined (0 events):
No events

Internal exceptions (0 events):
No events

VM Operations (0 events):
No events

Events (0 events):
No events


Dynamic libraries:
0x00007ff717370000 - 0x00007ff71737e000 	C:\Users\USER 1\Downloads\sts-4.19.1.RELEASE\plugins\org.eclipse.justj.openjdk.hotspot.jre.full.win32.x86_64_17.0.7.v20230425-1502\jre\bin\javaw.exe
0x00007ffa407b0000 - 0x00007ffa409a8000 	C:\WINDOWS\SYSTEM32\ntdll.dll
0x00007ffa3fb70000 - 0x00007ffa3fc31000 	C:\WINDOWS\System32\KERNEL32.DLL
0x00007ffa3deb0000 - 0x00007ffa3e1ad000 	C:\WINDOWS\System32\KERNELBASE.dll
0x00007ffa3e2b0000 - 0x00007ffa3e3b0000 	C:\WINDOWS\System32\ucrtbase.dll
0x00007ffa380f0000 - 0x00007ffa38107000 	C:\Users\USER 1\Downloads\sts-4.19.1.RELEASE\plugins\org.eclipse.justj.openjdk.hotspot.jre.full.win32.x86_64_17.0.7.v20230425-1502\jre\bin\jli.dll
0x00007ffa3efe0000 - 0x00007ffa3f17d000 	C:\WINDOWS\System32\USER32.dll
0x00007ffa3e280000 - 0x00007ffa3e2a2000 	C:\WINDOWS\System32\win32u.dll
0x00007ffa3f990000 - 0x00007ffa3f9bb000 	C:\WINDOWS\System32\GDI32.dll
0x00007ffa3e3b0000 - 0x00007ffa3e4c7000 	C:\WINDOWS\System32\gdi32full.dll
0x00007ffa3e1e0000 - 0x00007ffa3e27d000 	C:\WINDOWS\System32\msvcp_win.dll
0x00007ffa35e40000 - 0x00007ffa35e59000 	C:\Users\USER 1\Downloads\sts-4.19.1.RELEASE\plugins\org.eclipse.justj.openjdk.hotspot.jre.full.win32.x86_64_17.0.7.v20230425-1502\jre\bin\VCRUNTIME140.dll
0x00007ffa2bc10000 - 0x00007ffa2beaa000 	C:\WINDOWS\WinSxS\amd64_microsoft.windows.common-controls_6595b64144ccf1df_6.0.19041.4355_none_60b8b9eb71f62e16\COMCTL32.dll
0x00007ffa3ef40000 - 0x00007ffa3efde000 	C:\WINDOWS\System32\msvcrt.dll
0x00007ffa3f400000 - 0x00007ffa3f42f000 	C:\WINDOWS\System32\IMM32.DLL
0x00007ffa37ca0000 - 0x00007ffa37cac000 	C:\Users\USER 1\Downloads\sts-4.19.1.RELEASE\plugins\org.eclipse.justj.openjdk.hotspot.jre.full.win32.x86_64_17.0.7.v20230425-1502\jre\bin\vcruntime140_1.dll
0x00007ffa315c0000 - 0x00007ffa31651000 	C:\Users\USER 1\Downloads\sts-4.19.1.RELEASE\plugins\org.eclipse.justj.openjdk.hotspot.jre.full.win32.x86_64_17.0.7.v20230425-1502\jre\bin\msvcp140.dll
0x00007ff9d93e0000 - 0x00007ff9da028000 	C:\Users\USER 1\Downloads\sts-4.19.1.RELEASE\plugins\org.eclipse.justj.openjdk.hotspot.jre.full.win32.x86_64_17.0.7.v20230425-1502\jre\bin\server\jvm.dll
0x00007ffa3f290000 - 0x00007ffa3f340000 	C:\WINDOWS\System32\ADVAPI32.dll
0x00007ffa3eaf0000 - 0x00007ffa3eb90000 	C:\WINDOWS\System32\sechost.dll
0x00007ffa3e7f0000 - 0x00007ffa3e913000 	C:\WINDOWS\System32\RPCRT4.dll
0x00007ffa3e1b0000 - 0x00007ffa3e1d7000 	C:\WINDOWS\System32\bcrypt.dll
0x00007ffa1f290000 - 0x00007ffa1f299000 	C:\WINDOWS\SYSTEM32\WSOCK32.dll
0x00007ffa3f220000 - 0x00007ffa3f28b000 	C:\WINDOWS\System32\WS2_32.dll
0x00007ffa2cfd0000 - 0x00007ffa2cff7000 	C:\WINDOWS\SYSTEM32\WINMM.dll
0x00007ffa2f450000 - 0x00007ffa2f45a000 	C:\WINDOWS\SYSTEM32\VERSION.dll
0x00007ffa3bce0000 - 0x00007ffa3bcf2000 	C:\WINDOWS\SYSTEM32\kernel.appcore.dll
0x00007ffa35e30000 - 0x00007ffa35e3a000 	C:\Users\USER 1\Downloads\sts-4.19.1.RELEASE\plugins\org.eclipse.justj.openjdk.hotspot.jre.full.win32.x86_64_17.0.7.v20230425-1502\jre\bin\jimage.dll
0x00007ffa297a0000 - 0x00007ffa29984000 	C:\WINDOWS\SYSTEM32\DBGHELP.DLL
0x00007ffa29760000 - 0x00007ffa29794000 	C:\WINDOWS\SYSTEM32\dbgcore.DLL
0x00007ffa3e4d0000 - 0x00007ffa3e552000 	C:\WINDOWS\System32\bcryptPrimitives.dll
0x00007ffa314f0000 - 0x00007ffa31515000 	C:\Users\USER 1\Downloads\sts-4.19.1.RELEASE\plugins\org.eclipse.justj.openjdk.hotspot.jre.full.win32.x86_64_17.0.7.v20230425-1502\jre\bin\java.dll

dbghelp: loaded successfully - version: 4.0.5 - missing functions: none
symbol engine: initialized successfully - sym options: 0x614 - pdb path: .;C:\Users\USER 1\Downloads\sts-4.19.1.RELEASE\plugins\org.eclipse.justj.openjdk.hotspot.jre.full.win32.x86_64_17.0.7.v20230425-1502\jre\bin;C:\WINDOWS\SYSTEM32;C:\WINDOWS\WinSxS\amd64_microsoft.windows.common-controls_6595b64144ccf1df_6.0.19041.4355_none_60b8b9eb71f62e16;C:\Users\USER 1\Downloads\sts-4.19.1.RELEASE\plugins\org.eclipse.justj.openjdk.hotspot.jre.full.win32.x86_64_17.0.7.v20230425-1502\jre\bin\server

VM Arguments:
jvm_args: -Dcom.sun.management.jmxremote -Dcom.sun.management.jmxremote.port=58323 -Dcom.sun.management.jmxremote.authenticate=false -Dcom.sun.management.jmxremote.ssl=false -Djava.rmi.server.hostname=localhost -Dspring.jmx.enabled=true -Dmanagement.endpoints.jmx.exposure.include=* -Dspring.application.admin.enabled=true -XX:TieredStopAtLevel=1 -Dspring.boot.project.name=product-service -Dfile.encoding=UTF-8 -XX:+ShowCodeDetailsInExceptionMessages 
java_command: com.product_service.ProductServiceApplication --spring.output.ansi.enabled=always
java_class_path (initial): C:\Users\USER 1\Documents\workspace-spring-tool-suite-4-4.19.1.RELEASE-4\product-service\target\classes;C:\Users\USER 1\.m2\repository\org\springframework\boot\spring-boot-starter-data-mongodb\3.3.3\spring-boot-starter-data-mongodb-3.3.3.jar;C:\Users\USER 1\.m2\repository\org\springframework\boot\spring-boot-starter\3.3.3\spring-boot-starter-3.3.3.jar;C:\Users\USER 1\.m2\repository\org\springframework\boot\spring-boot\3.3.3\spring-boot-3.3.3.jar;C:\Users\USER 1\.m2\repository\org\springframework\boot\spring-boot-autoconfigure\3.3.3\spring-boot-autoconfigure-3.3.3.jar;C:\Users\USER 1\.m2\repository\org\springframework\boot\spring-boot-starter-logging\3.3.3\spring-boot-starter-logging-3.3.3.jar;C:\Users\USER 1\.m2\repository\ch\qos\logback\logback-classic\1.5.7\logback-classic-1.5.7.jar;C:\Users\USER 1\.m2\repository\ch\qos\logback\logback-core\1.5.7\logback-core-1.5.7.jar;C:\Users\USER 1\.m2\repository\org\apache\logging\log4j\log4j-to-slf4j\2.23.1\log4j-to-slf4j-2.23.1.jar;C:\Users\USER 1\.m2\repository\org\apache\logging\log4j\log4j-api\2.23.1\log4j-api-2.23.1.jar;C:\Users\USER 1\.m2\repository\org\slf4j\jul-to-slf4j\2.0.16\jul-to-slf4j-2.0.16.jar;C:\Users\USER 1\.m2\repository\jakarta\annotation\jakarta.annotation-api\2.1.1\jakarta.annotation-api-2.1.1.jar;C:\Users\USER 1\.m2\repository\org\yaml\snakeyaml\2.2\snakeyaml-2.2.jar;C:\Users\USER 1\.m2\repository\org\mongodb\mongodb-driver-sync\5.0.1\mongodb-driver-sync-5.0.1.jar;C:\Users\USER 1\.m2\repository\org\mongodb\bson\5.0.1\bson-5.0.1.jar;C:\Users\USER 1\.m2\repository\org\mongodb\mongodb-driver-core\5.0.1\mongodb-driver-core-5.0.1.jar;C:\Users\USER 1\.m2\repository\org\mongodb\bson-record-codec\5.0.1\bson-record-codec-5.0.1.jar;C:\Users\USER 1\.m2\repository\org\springframework\data\spring-data-mongodb\4.3.3\spring-data-mongodb-4.3.3.jar;C:\Users\USER 1\.m2\repository\org\springframework\spring-tx\6.1.12\spring-tx-6.1.12.jar;C:\Users\USER 1\.m2\repository\org\springframework\spring
Launcher Type: SUN_STANDARD

[Global flags]
     intx CICompilerCount                          = 3                                         {product} {ergonomic}
     uint ConcGCThreads                            = 1                                         {product} {ergonomic}
     uint G1ConcRefinementThreads                  = 4                                         {product} {ergonomic}
   size_t G1HeapRegionSize                         = 2097152                                   {product} {ergonomic}
    uintx GCDrainStackTargetSize                   = 64                                        {product} {ergonomic}
   size_t InitialHeapSize                          = 268435456                                 {product} {ergonomic}
     bool ManagementServer                         = true                                      {product} {command line}
   size_t MarkStackSize                            = 4194304                                   {product} {ergonomic}
   size_t MaxHeapSize                              = 4263510016                                {product} {ergonomic}
   size_t MinHeapDeltaBytes                        = 2097152                                   {product} {ergonomic}
   size_t MinHeapSize                              = 8388608                                   {product} {ergonomic}
    uintx NonProfiledCodeHeapSize                  = 0                                      {pd product} {ergonomic}
     bool ProfileInterpreter                       = false                                  {pd product} {command line}
    uintx ProfiledCodeHeapSize                     = 0                                      {pd product} {ergonomic}
     bool ShowCodeDetailsInExceptionMessages       = true                                   {manageable} {command line}
   size_t SoftMaxHeapSize                          = 4263510016                             {manageable} {ergonomic}
     intx TieredStopAtLevel                        = 1                                         {product} {command line}
     bool UseCompressedClassPointers               = true                           {product lp64_product} {ergonomic}
     bool UseCompressedOops                        = true                           {product lp64_product} {ergonomic}
     bool UseG1GC                                  = true                                      {product} {ergonomic}
     bool UseLargePagesIndividualAllocation        = false                                  {pd product} {ergonomic}

Logging:
Log output configuration:
 #0: stdout all=warning uptime,level,tags
 #1: stderr all=off uptime,level,tags

Environment Variables:
PATH=C:/Users/USER 1/Desktop/sts-4.19.1.RELEASE//plugins/org.eclipse.justj.openjdk.hotspot.jre.full.win32.x86_64_17.0.7.v20230425-1502/jre/bin/server;C:/Users/USER 1/Desktop/sts-4.19.1.RELEASE//plugins/org.eclipse.justj.openjdk.hotspot.jre.full.win32.x86_64_17.0.7.v20230425-1502/jre/bin;C:\Python311\Scripts\;C:\Python311\;D:\WINDOWS.X64_193000_db_home\bin;C:\Program Files\Java\jdk-17\bin;C:\ProgramData\chocolatey\bin;C:\Program Files\nodejs\;C:\Program Files\Mongosh\mongosh-2.3.1-win32-x64\bin;C:\Program Files\MongoDB\Server\6.0\bin;C:\Program Files\MongoDB\Server\6.0\data;C:\Users\USER 1\AppData\Local\Microsoft\WindowsApps;;C:\Users\USER 1\AppData\Local\Programs\Microsoft VS Code\bin;C:\Users\USER 1\AppData\Roaming\npm;C:\Users\USER 1\Desktop\sts-4.19.1.RELEASE;
USERNAME=USER 1
OS=Windows_NT
PROCESSOR_IDENTIFIER=Intel64 Family 6 Model 61 Stepping 4, GenuineIntel
TMP=C:\Users\USER1~1\AppData\Local\Temp
TEMP=C:\Users\USER1~1\AppData\Local\Temp



---------------  S Y S T E M  ---------------

OS:
 Windows 10 , 64 bit Build 19041 (10.0.19041.4842)
OS uptime: 14 days 17:40 hours

CPU: total 4 (initial active 4) (2 cores per cpu, 2 threads per core) family 6 model 61 stepping 4 microcode 0x2d, cx8, cmov, fxsr, ht, mmx, 3dnowpref, sse, sse2, sse3, ssse3, sse4.1, sse4.2, popcnt, lzcnt, tsc, tscinvbit, avx, avx2, aes, erms, clmul, bmi1, bmi2, rtm, adx, fma, vzeroupper, clflush

Memory: 4k page, system-wide physical 16259M (5295M free)
TotalPageFile size 20111M (AvailPageFile size 123M)
current process WorkingSet (physical memory assigned to process): 10M, peak: 10M
current process commit charge ("private bytes"): 47M, peak: 302M

vm_info: OpenJDK 64-Bit Server VM (17.0.7+7) for windows-amd64 JRE (17.0.7+7), built on Apr 18 2023 22:10:42 by "temurin" with MS VC++ 16.7 (VS2019)

END.
